[2021-7-15 21:30:56] 📨 >> GET / ""
[2021-7-15 21:30:56] 💌 << 400 BAD_REQUEST
[2021-7-15 21:30:59] 📨 >> GET / ""
[2021-7-15 21:30:59] 💌 << 400 BAD_REQUEST
[2021-7-15 21:31:0] 📨 >> GET / ""
[2021-7-15 21:31:0] 💌 << 400 BAD_REQUEST
[2021-7-15 21:31:0] 📨 >> GET / ""
[2021-7-15 21:31:0] 💌 << 400 BAD_REQUEST
[2021-7-15 21:31:0] 📨 >> GET / ""
[2021-7-15 21:31:0] 💌 << 400 BAD_REQUEST
[2021-7-15 21:31:0] 📨 >> GET / ""
[2021-7-15 21:31:0] 💌 << 400 BAD_REQUEST
[2021-7-15 21:31:1] 📨 >> GET / ""
[2021-7-15 21:31:1] 💌 << 400 BAD_REQUEST
[2021-7-15 21:31:1] 📨 >> GET / ""
[2021-7-15 21:31:1] 💌 << 400 BAD_REQUEST
[2021-7-15 21:31:1] 📨 >> GET / ""
[2021-7-15 21:31:1] 💌 << 400 BAD_REQUEST
[2021-7-15 21:31:1] 📨 >> GET / ""
[2021-7-15 21:31:1] 💌 << 400 BAD_REQUEST
[2021-7-15 21:31:1] 📨 >> GET / ""
[2021-7-15 21:31:1] 💌 << 400 BAD_REQUEST
[2021-7-15 21:31:1] 📨 >> GET / ""
[2021-7-15 21:31:1] 💌 << 400 BAD_REQUEST
[2021-7-15 21:31:1] 📨 >> GET / ""
[2021-7-15 21:31:1] 💌 << 400 BAD_REQUEST
[2021-7-15 21:31:1] 📨 >> GET / ""
[2021-7-15 21:31:1] 💌 << 400 BAD_REQUEST
[2021-7-15 21:31:1] 📨 >> GET / ""
[2021-7-15 21:31:1] 💌 << 400 BAD_REQUEST
[2021-7-15 21:31:5] 📨 >> GET /login ""
[2021-7-15 21:31:5] 💌 << 404 NOT_FOUND
[2021-7-15 21:31:7] 📨 >> GET / ""
[2021-7-15 21:31:7] 💌 << 400 BAD_REQUEST
[2021-7-15 21:31:13] 📨 >> GET /home ""
[2021-7-15 21:31:13] 💌 << 404 NOT_FOUND
[2021-7-15 21:31:28] 📨 >> GET /home ""
[2021-7-15 21:31:28] 💌 << 404 NOT_FOUND
[2021-7-15 21:31:29] 📨 >> GET /home ""
[2021-7-15 21:31:29] 💌 << 404 NOT_FOUND
[2021-7-15 21:31:31] 📨 >> GET / ""
[2021-7-15 21:31:31] 💌 << 400 BAD_REQUEST
[2021-7-15 21:31:32] 📨 >> GET / ""
[2021-7-15 21:31:32] 💌 << 400 BAD_REQUEST
[2021-7-15 21:31:32] 📨 >> GET / ""
[2021-7-15 21:31:32] 💌 << 400 BAD_REQUEST
[2021-7-15 21:31:33] 📨 >> GET / ""
[2021-7-15 21:31:33] 💌 << 400 BAD_REQUEST
